<?xml version="1.0" encoding="UTF-8"?>
<testng-results skipped="0" failed="0" ignored="0" total="1" passed="1">
  <reporter-output>
  </reporter-output>
  <suite name="Default suite" duration-ms="5530" started-at="2018-09-12T13:20:12Z" finished-at="2018-09-12T13:20:17Z">
    <groups>
    </groups>
    <test name="Default test" duration-ms="5530" started-at="2018-09-12T13:20:12Z" finished-at="2018-09-12T13:20:17Z">
      <class name="com.chq.testScripts.LoginTest">
        <test-method status="PASS" signature="login()[pri:0, instance:com.chq.testScripts.LoginTest@29ee9faa]" name="login" duration-ms="5478" started-at="2018-09-12T13:20:12Z" finished-at="2018-09-12T13:20:17Z">
          <reporter-output>
          </reporter-output>
        </test-method> <!-- login -->
      </class> <!-- com.chq.testScripts.LoginTest -->
    </test> <!-- Default test -->
  </suite> <!-- Default suite -->
</testng-results>
